Thu 18 Dec 2025 11:35:58 INFO  ['run_recbole.py', '--model', 'LightGCN', '--dataset', 'mylens', '--config', 'config.yaml']
Thu 18 Dec 2025 11:35:58 INFO  
General Hyper Parameters:
gpu_id = 0
use_gpu = True
seed = 2025
state = INFO
reproducibility = True
data_path = dataset/mylens
checkpoint_dir = saved/
show_progress = True
save_dataset = False
dataset_save_path = None
save_dataloaders = False
dataloaders_save_path = None
log_wandb = False

Training Hyper Parameters:
epochs = 200
train_batch_size = 2048
learner = adam
learning_rate = 0.001
train_neg_sample_args = {'distribution': 'uniform', 'sample_num': 1, 'alpha': 1.0, 'dynamic': False, 'candidate_num': 0}
eval_step = 1
stopping_step = 10
clip_grad_norm = None
weight_decay = 0.0
loss_decimal_place = 4

Evaluation Hyper Parameters:
eval_args = {'split': {'RS': [0.9, 0.1, 0.0]}, 'order': 'RO', 'group_by': 'user', 'mode': {'valid': 'full', 'test': 'full'}}
repeatable = False
metrics = ['Recall', 'NDCG', 'MRR']
topk = [10]
valid_metric = Recall@10
valid_metric_bigger = True
eval_batch_size = 4096
metric_decimal_place = 4

Dataset Hyper Parameters:
field_separator = 	
seq_separator =  
USER_ID_FIELD = user_id
ITEM_ID_FIELD = item_id
RATING_FIELD = rating
TIME_FIELD = timestamp
seq_len = None
LABEL_FIELD = label
threshold = None
NEG_PREFIX = neg_
load_col = {'inter': ['user_id', 'item_id']}
unload_col = None
unused_col = None
additional_feat_suffix = None
rm_dup_inter = None
val_interval = None
filter_inter_by_user_or_item = True
user_inter_num_interval = [0,inf)
item_inter_num_interval = [0,inf)
alias_of_user_id = None
alias_of_item_id = None
alias_of_entity_id = None
alias_of_relation_id = None
preload_weight = None
normalize_field = None
normalize_all = None
ITEM_LIST_LENGTH_FIELD = item_length
LIST_SUFFIX = _list
MAX_ITEM_LIST_LENGTH = 50
POSITION_FIELD = position_id
HEAD_ENTITY_ID_FIELD = head_id
TAIL_ENTITY_ID_FIELD = tail_id
RELATION_ID_FIELD = relation_id
ENTITY_ID_FIELD = entity_id
benchmark_filename = None

Other Hyper Parameters: 
worker = 0
wandb_project = recbole
shuffle = True
require_pow = False
enable_amp = False
enable_scaler = False
transform = None
embedding_size = 64
n_layers = 2
reg_weight = 1e-05
numerical_features = []
discretization = None
kg_reverse_r = False
entity_kg_num_interval = [0,inf)
relation_kg_num_interval = [0,inf)
MODEL_TYPE = ModelType.GENERAL
neg_sampling = {'uniform': 1}
MODEL_INPUT_TYPE = InputType.PAIRWISE
eval_type = EvaluatorType.RANKING
single_spec = True
local_rank = 0
device = cuda
valid_neg_sample_args = {'distribution': 'uniform', 'sample_num': 'none'}
test_neg_sample_args = {'distribution': 'uniform', 'sample_num': 'none'}


Thu 18 Dec 2025 11:36:11 INFO  mylens
The number of users: 19892
Average actions of users: 164.42024030968778
The number of items: 6808
Average actions of items: 480.4587924195681
The number of inters: 3270483
The sparsity of the dataset: 97.58501799848442%
Remain Fields: ['user_id', 'item_id']
Thu 18 Dec 2025 11:36:19 INFO  [Training]: train_batch_size = [2048] train_neg_sample_args: [{'distribution': 'uniform', 'sample_num': 1, 'alpha': 1.0, 'dynamic': False, 'candidate_num': 0}]
Thu 18 Dec 2025 11:36:19 INFO  [Evaluation]: eval_batch_size = [4096] eval_args: [{'split': {'RS': [0.9, 0.1, 0.0]}, 'order': 'RO', 'group_by': 'user', 'mode': {'valid': 'full', 'test': 'full'}}]
Thu 18 Dec 2025 11:36:21 INFO  LightGCN(
  (user_embedding): Embedding(19892, 64)
  (item_embedding): Embedding(6808, 64)
  (mf_loss): BPRLoss()
  (reg_loss): EmbLoss()
)
Trainable parameters: 1708800
Thu 18 Dec 2025 11:36:21 INFO  FLOPs: 0.0
Thu 18 Dec 2025 11:37:39 INFO  epoch 0 training [time: 76.90s, train loss: 476.7503]
Thu 18 Dec 2025 11:38:01 INFO  epoch 0 evaluating [time: 22.57s, valid_score: 0.086900]
Thu 18 Dec 2025 11:38:01 INFO  valid result: 
recall@10 : 0.0869    ndcg@10 : 0.1434    mrr@10 : 0.3118
Thu 18 Dec 2025 11:38:01 INFO  Saving current: saved/LightGCN-Dec-18-2025_11-36-21.pth
Thu 18 Dec 2025 11:39:18 INFO  epoch 1 training [time: 76.39s, train loss: 418.5505]
Thu 18 Dec 2025 11:39:40 INFO  epoch 1 evaluating [time: 22.55s, valid_score: 0.087200]
Thu 18 Dec 2025 11:39:40 INFO  valid result: 
recall@10 : 0.0872    ndcg@10 : 0.1439    mrr@10 : 0.3126
Thu 18 Dec 2025 11:39:40 INFO  Saving current: saved/LightGCN-Dec-18-2025_11-36-21.pth
Thu 18 Dec 2025 11:40:57 INFO  epoch 2 training [time: 76.35s, train loss: 389.2159]
Thu 18 Dec 2025 11:41:19 INFO  epoch 2 evaluating [time: 22.57s, valid_score: 0.094100]
Thu 18 Dec 2025 11:41:19 INFO  valid result: 
recall@10 : 0.0941    ndcg@10 : 0.1561    mrr@10 : 0.3297
Thu 18 Dec 2025 11:41:19 INFO  Saving current: saved/LightGCN-Dec-18-2025_11-36-21.pth
Thu 18 Dec 2025 11:42:36 INFO  epoch 3 training [time: 76.35s, train loss: 352.3994]
Thu 18 Dec 2025 11:42:58 INFO  epoch 3 evaluating [time: 22.70s, valid_score: 0.099900]
Thu 18 Dec 2025 11:42:58 INFO  valid result: 
recall@10 : 0.0999    ndcg@10 : 0.1655    mrr@10 : 0.3462
Thu 18 Dec 2025 11:42:59 INFO  Saving current: saved/LightGCN-Dec-18-2025_11-36-21.pth
Thu 18 Dec 2025 11:44:15 INFO  epoch 4 training [time: 76.31s, train loss: 327.8493]
Thu 18 Dec 2025 11:44:37 INFO  epoch 4 evaluating [time: 22.53s, valid_score: 0.104800]
Thu 18 Dec 2025 11:44:37 INFO  valid result: 
recall@10 : 0.1048    ndcg@10 : 0.1734    mrr@10 : 0.3595
Thu 18 Dec 2025 11:44:38 INFO  Saving current: saved/LightGCN-Dec-18-2025_11-36-21.pth
Thu 18 Dec 2025 11:45:54 INFO  epoch 5 training [time: 76.36s, train loss: 310.6997]
Thu 18 Dec 2025 11:46:16 INFO  epoch 5 evaluating [time: 22.47s, valid_score: 0.106100]
Thu 18 Dec 2025 11:46:16 INFO  valid result: 
recall@10 : 0.1061    ndcg@10 : 0.1759    mrr@10 : 0.3651
Thu 18 Dec 2025 11:46:17 INFO  Saving current: saved/LightGCN-Dec-18-2025_11-36-21.pth
Thu 18 Dec 2025 11:47:33 INFO  epoch 6 training [time: 76.36s, train loss: 299.2322]
Thu 18 Dec 2025 11:47:55 INFO  epoch 6 evaluating [time: 22.41s, valid_score: 0.108600]
Thu 18 Dec 2025 11:47:55 INFO  valid result: 
recall@10 : 0.1086    ndcg@10 : 0.1804    mrr@10 : 0.3734
Thu 18 Dec 2025 11:47:56 INFO  Saving current: saved/LightGCN-Dec-18-2025_11-36-21.pth
Thu 18 Dec 2025 11:49:12 INFO  epoch 7 training [time: 76.38s, train loss: 287.9014]
Thu 18 Dec 2025 11:49:35 INFO  epoch 7 evaluating [time: 22.74s, valid_score: 0.110400]
Thu 18 Dec 2025 11:49:35 INFO  valid result: 
recall@10 : 0.1104    ndcg@10 : 0.1838    mrr@10 : 0.3792
Thu 18 Dec 2025 11:49:35 INFO  Saving current: saved/LightGCN-Dec-18-2025_11-36-21.pth
Thu 18 Dec 2025 11:50:51 INFO  epoch 8 training [time: 76.33s, train loss: 280.3744]
Thu 18 Dec 2025 11:51:14 INFO  epoch 8 evaluating [time: 22.70s, valid_score: 0.111600]
Thu 18 Dec 2025 11:51:14 INFO  valid result: 
recall@10 : 0.1116    ndcg@10 : 0.186    mrr@10 : 0.3842
Thu 18 Dec 2025 11:51:14 INFO  Saving current: saved/LightGCN-Dec-18-2025_11-36-21.pth
Thu 18 Dec 2025 11:52:30 INFO  epoch 9 training [time: 76.30s, train loss: 274.3589]
Thu 18 Dec 2025 11:52:53 INFO  epoch 9 evaluating [time: 22.64s, valid_score: 0.113600]
Thu 18 Dec 2025 11:52:53 INFO  valid result: 
recall@10 : 0.1136    ndcg@10 : 0.189    mrr@10 : 0.3888
Thu 18 Dec 2025 11:52:53 INFO  Saving current: saved/LightGCN-Dec-18-2025_11-36-21.pth
Thu 18 Dec 2025 11:54:10 INFO  epoch 10 training [time: 76.33s, train loss: 268.5645]
Thu 18 Dec 2025 11:54:32 INFO  epoch 10 evaluating [time: 22.57s, valid_score: 0.116600]
Thu 18 Dec 2025 11:54:32 INFO  valid result: 
recall@10 : 0.1166    ndcg@10 : 0.1939    mrr@10 : 0.3966
Thu 18 Dec 2025 11:54:32 INFO  Saving current: saved/LightGCN-Dec-18-2025_11-36-21.pth
Thu 18 Dec 2025 11:55:49 INFO  epoch 11 training [time: 76.34s, train loss: 261.1887]
Thu 18 Dec 2025 11:56:11 INFO  epoch 11 evaluating [time: 22.55s, valid_score: 0.119700]
Thu 18 Dec 2025 11:56:11 INFO  valid result: 
recall@10 : 0.1197    ndcg@10 : 0.1996    mrr@10 : 0.4071
Thu 18 Dec 2025 11:56:11 INFO  Saving current: saved/LightGCN-Dec-18-2025_11-36-21.pth
Thu 18 Dec 2025 11:57:28 INFO  epoch 12 training [time: 76.34s, train loss: 253.8991]
Thu 18 Dec 2025 11:57:50 INFO  epoch 12 evaluating [time: 22.57s, valid_score: 0.122300]
Thu 18 Dec 2025 11:57:50 INFO  valid result: 
recall@10 : 0.1223    ndcg@10 : 0.2035    mrr@10 : 0.4132
Thu 18 Dec 2025 11:57:50 INFO  Saving current: saved/LightGCN-Dec-18-2025_11-36-21.pth
Thu 18 Dec 2025 11:59:07 INFO  epoch 13 training [time: 76.30s, train loss: 248.2790]
Thu 18 Dec 2025 11:59:29 INFO  epoch 13 evaluating [time: 22.41s, valid_score: 0.124600]
Thu 18 Dec 2025 11:59:29 INFO  valid result: 
recall@10 : 0.1246    ndcg@10 : 0.2072    mrr@10 : 0.4191
Thu 18 Dec 2025 11:59:29 INFO  Saving current: saved/LightGCN-Dec-18-2025_11-36-21.pth
Thu 18 Dec 2025 12:00:46 INFO  epoch 14 training [time: 76.36s, train loss: 242.0155]
Thu 18 Dec 2025 12:01:08 INFO  epoch 14 evaluating [time: 22.32s, valid_score: 0.127300]
Thu 18 Dec 2025 12:01:08 INFO  valid result: 
recall@10 : 0.1273    ndcg@10 : 0.2117    mrr@10 : 0.4266
Thu 18 Dec 2025 12:01:08 INFO  Saving current: saved/LightGCN-Dec-18-2025_11-36-21.pth
Thu 18 Dec 2025 12:02:24 INFO  epoch 15 training [time: 76.34s, train loss: 236.5995]
Thu 18 Dec 2025 12:02:47 INFO  epoch 15 evaluating [time: 22.57s, valid_score: 0.129200]
Thu 18 Dec 2025 12:02:47 INFO  valid result: 
recall@10 : 0.1292    ndcg@10 : 0.2147    mrr@10 : 0.4318
Thu 18 Dec 2025 12:02:47 INFO  Saving current: saved/LightGCN-Dec-18-2025_11-36-21.pth
Thu 18 Dec 2025 12:04:04 INFO  epoch 16 training [time: 76.37s, train loss: 232.7001]
Thu 18 Dec 2025 12:04:26 INFO  epoch 16 evaluating [time: 22.31s, valid_score: 0.130600]
Thu 18 Dec 2025 12:04:26 INFO  valid result: 
recall@10 : 0.1306    ndcg@10 : 0.217    mrr@10 : 0.4363
Thu 18 Dec 2025 12:04:26 INFO  Saving current: saved/LightGCN-Dec-18-2025_11-36-21.pth
Thu 18 Dec 2025 12:05:42 INFO  epoch 17 training [time: 76.30s, train loss: 228.5041]
Thu 18 Dec 2025 12:06:05 INFO  epoch 17 evaluating [time: 22.46s, valid_score: 0.131500]
Thu 18 Dec 2025 12:06:05 INFO  valid result: 
recall@10 : 0.1315    ndcg@10 : 0.2193    mrr@10 : 0.4415
Thu 18 Dec 2025 12:06:05 INFO  Saving current: saved/LightGCN-Dec-18-2025_11-36-21.pth
Thu 18 Dec 2025 12:07:21 INFO  epoch 18 training [time: 76.31s, train loss: 225.2270]
Thu 18 Dec 2025 12:07:44 INFO  epoch 18 evaluating [time: 22.54s, valid_score: 0.132500]
Thu 18 Dec 2025 12:07:44 INFO  valid result: 
recall@10 : 0.1325    ndcg@10 : 0.2206    mrr@10 : 0.4438
Thu 18 Dec 2025 12:07:44 INFO  Saving current: saved/LightGCN-Dec-18-2025_11-36-21.pth
Thu 18 Dec 2025 12:09:00 INFO  epoch 19 training [time: 76.34s, train loss: 222.2055]
Thu 18 Dec 2025 12:09:23 INFO  epoch 19 evaluating [time: 22.36s, valid_score: 0.133300]
Thu 18 Dec 2025 12:09:23 INFO  valid result: 
recall@10 : 0.1333    ndcg@10 : 0.2216    mrr@10 : 0.446
Thu 18 Dec 2025 12:09:23 INFO  Saving current: saved/LightGCN-Dec-18-2025_11-36-21.pth
Thu 18 Dec 2025 12:10:39 INFO  epoch 20 training [time: 76.26s, train loss: 220.1377]
Thu 18 Dec 2025 12:11:02 INFO  epoch 20 evaluating [time: 22.73s, valid_score: 0.133900]
Thu 18 Dec 2025 12:11:02 INFO  valid result: 
recall@10 : 0.1339    ndcg@10 : 0.2222    mrr@10 : 0.4454
Thu 18 Dec 2025 12:11:02 INFO  Saving current: saved/LightGCN-Dec-18-2025_11-36-21.pth
Thu 18 Dec 2025 12:12:18 INFO  epoch 21 training [time: 76.33s, train loss: 216.6335]
Thu 18 Dec 2025 12:12:41 INFO  epoch 21 evaluating [time: 22.37s, valid_score: 0.134600]
Thu 18 Dec 2025 12:12:41 INFO  valid result: 
recall@10 : 0.1346    ndcg@10 : 0.2233    mrr@10 : 0.4479
Thu 18 Dec 2025 12:12:41 INFO  Saving current: saved/LightGCN-Dec-18-2025_11-36-21.pth
Thu 18 Dec 2025 12:13:57 INFO  epoch 22 training [time: 76.34s, train loss: 216.0501]
Thu 18 Dec 2025 12:14:20 INFO  epoch 22 evaluating [time: 22.54s, valid_score: 0.135100]
Thu 18 Dec 2025 12:14:20 INFO  valid result: 
recall@10 : 0.1351    ndcg@10 : 0.2241    mrr@10 : 0.4478
Thu 18 Dec 2025 12:14:20 INFO  Saving current: saved/LightGCN-Dec-18-2025_11-36-21.pth
Thu 18 Dec 2025 12:15:36 INFO  epoch 23 training [time: 76.32s, train loss: 213.5276]
Thu 18 Dec 2025 12:15:59 INFO  epoch 23 evaluating [time: 22.56s, valid_score: 0.135300]
Thu 18 Dec 2025 12:15:59 INFO  valid result: 
recall@10 : 0.1353    ndcg@10 : 0.2246    mrr@10 : 0.4486
Thu 18 Dec 2025 12:15:59 INFO  Saving current: saved/LightGCN-Dec-18-2025_11-36-21.pth
Thu 18 Dec 2025 12:17:15 INFO  epoch 24 training [time: 76.37s, train loss: 210.9083]
Thu 18 Dec 2025 12:17:38 INFO  epoch 24 evaluating [time: 22.82s, valid_score: 0.135800]
Thu 18 Dec 2025 12:17:38 INFO  valid result: 
recall@10 : 0.1358    ndcg@10 : 0.2256    mrr@10 : 0.4501
Thu 18 Dec 2025 12:17:38 INFO  Saving current: saved/LightGCN-Dec-18-2025_11-36-21.pth
Thu 18 Dec 2025 12:18:55 INFO  epoch 25 training [time: 76.38s, train loss: 209.4916]
Thu 18 Dec 2025 12:19:17 INFO  epoch 25 evaluating [time: 22.36s, valid_score: 0.136600]
Thu 18 Dec 2025 12:19:17 INFO  valid result: 
recall@10 : 0.1366    ndcg@10 : 0.2273    mrr@10 : 0.4533
Thu 18 Dec 2025 12:19:17 INFO  Saving current: saved/LightGCN-Dec-18-2025_11-36-21.pth
Thu 18 Dec 2025 12:20:34 INFO  epoch 26 training [time: 76.30s, train loss: 207.9258]
Thu 18 Dec 2025 12:20:56 INFO  epoch 26 evaluating [time: 22.61s, valid_score: 0.136900]
Thu 18 Dec 2025 12:20:56 INFO  valid result: 
recall@10 : 0.1369    ndcg@10 : 0.2271    mrr@10 : 0.451
Thu 18 Dec 2025 12:20:56 INFO  Saving current: saved/LightGCN-Dec-18-2025_11-36-21.pth
Thu 18 Dec 2025 12:22:13 INFO  epoch 27 training [time: 76.44s, train loss: 205.3704]
Thu 18 Dec 2025 12:22:36 INFO  epoch 27 evaluating [time: 22.90s, valid_score: 0.137400]
Thu 18 Dec 2025 12:22:36 INFO  valid result: 
recall@10 : 0.1374    ndcg@10 : 0.2278    mrr@10 : 0.452
Thu 18 Dec 2025 12:22:36 INFO  Saving current: saved/LightGCN-Dec-18-2025_11-36-21.pth
Thu 18 Dec 2025 12:23:52 INFO  epoch 28 training [time: 76.36s, train loss: 203.6933]
Thu 18 Dec 2025 12:24:14 INFO  epoch 28 evaluating [time: 22.34s, valid_score: 0.138300]
Thu 18 Dec 2025 12:24:14 INFO  valid result: 
recall@10 : 0.1383    ndcg@10 : 0.2299    mrr@10 : 0.4557
Thu 18 Dec 2025 12:24:15 INFO  Saving current: saved/LightGCN-Dec-18-2025_11-36-21.pth
Thu 18 Dec 2025 12:25:31 INFO  epoch 29 training [time: 76.34s, train loss: 202.4748]
Thu 18 Dec 2025 12:25:54 INFO  epoch 29 evaluating [time: 22.62s, valid_score: 0.139000]
Thu 18 Dec 2025 12:25:54 INFO  valid result: 
recall@10 : 0.139    ndcg@10 : 0.2305    mrr@10 : 0.4555
Thu 18 Dec 2025 12:25:54 INFO  Saving current: saved/LightGCN-Dec-18-2025_11-36-21.pth
Thu 18 Dec 2025 12:27:10 INFO  epoch 30 training [time: 76.34s, train loss: 200.1899]
Thu 18 Dec 2025 12:27:33 INFO  epoch 30 evaluating [time: 22.67s, valid_score: 0.139700]
Thu 18 Dec 2025 12:27:33 INFO  valid result: 
recall@10 : 0.1397    ndcg@10 : 0.2318    mrr@10 : 0.4583
Thu 18 Dec 2025 12:27:33 INFO  Saving current: saved/LightGCN-Dec-18-2025_11-36-21.pth
Thu 18 Dec 2025 12:28:49 INFO  epoch 31 training [time: 76.38s, train loss: 198.7472]
Thu 18 Dec 2025 12:29:12 INFO  epoch 31 evaluating [time: 22.60s, valid_score: 0.139700]
Thu 18 Dec 2025 12:29:12 INFO  valid result: 
recall@10 : 0.1397    ndcg@10 : 0.2322    mrr@10 : 0.4592
Thu 18 Dec 2025 12:29:12 INFO  Saving current: saved/LightGCN-Dec-18-2025_11-36-21.pth
Thu 18 Dec 2025 12:30:28 INFO  epoch 32 training [time: 76.35s, train loss: 197.2050]
Thu 18 Dec 2025 12:30:51 INFO  epoch 32 evaluating [time: 22.30s, valid_score: 0.140900]
Thu 18 Dec 2025 12:30:51 INFO  valid result: 
recall@10 : 0.1409    ndcg@10 : 0.2333    mrr@10 : 0.4592
Thu 18 Dec 2025 12:30:51 INFO  Saving current: saved/LightGCN-Dec-18-2025_11-36-21.pth
Thu 18 Dec 2025 12:32:07 INFO  epoch 33 training [time: 76.34s, train loss: 195.6125]
Thu 18 Dec 2025 12:32:30 INFO  epoch 33 evaluating [time: 22.70s, valid_score: 0.142000]
Thu 18 Dec 2025 12:32:30 INFO  valid result: 
recall@10 : 0.142    ndcg@10 : 0.2348    mrr@10 : 0.4607
Thu 18 Dec 2025 12:32:30 INFO  Saving current: saved/LightGCN-Dec-18-2025_11-36-21.pth
Thu 18 Dec 2025 12:33:47 INFO  epoch 34 training [time: 76.40s, train loss: 193.8884]
Thu 18 Dec 2025 12:34:09 INFO  epoch 34 evaluating [time: 22.55s, valid_score: 0.142200]
Thu 18 Dec 2025 12:34:09 INFO  valid result: 
recall@10 : 0.1422    ndcg@10 : 0.2358    mrr@10 : 0.4634
Thu 18 Dec 2025 12:34:09 INFO  Saving current: saved/LightGCN-Dec-18-2025_11-36-21.pth
Thu 18 Dec 2025 12:35:26 INFO  epoch 35 training [time: 76.30s, train loss: 192.1766]
Thu 18 Dec 2025 12:35:48 INFO  epoch 35 evaluating [time: 22.54s, valid_score: 0.143100]
Thu 18 Dec 2025 12:35:48 INFO  valid result: 
recall@10 : 0.1431    ndcg@10 : 0.2366    mrr@10 : 0.4639
Thu 18 Dec 2025 12:35:48 INFO  Saving current: saved/LightGCN-Dec-18-2025_11-36-21.pth
Thu 18 Dec 2025 12:37:05 INFO  epoch 36 training [time: 76.35s, train loss: 190.5406]
Thu 18 Dec 2025 12:37:27 INFO  epoch 36 evaluating [time: 22.66s, valid_score: 0.143500]
Thu 18 Dec 2025 12:37:27 INFO  valid result: 
recall@10 : 0.1435    ndcg@10 : 0.2369    mrr@10 : 0.4635
Thu 18 Dec 2025 12:37:27 INFO  Saving current: saved/LightGCN-Dec-18-2025_11-36-21.pth
Thu 18 Dec 2025 12:38:44 INFO  epoch 37 training [time: 76.35s, train loss: 188.9793]
Thu 18 Dec 2025 12:39:06 INFO  epoch 37 evaluating [time: 22.59s, valid_score: 0.144100]
Thu 18 Dec 2025 12:39:06 INFO  valid result: 
recall@10 : 0.1441    ndcg@10 : 0.2382    mrr@10 : 0.4657
Thu 18 Dec 2025 12:39:07 INFO  Saving current: saved/LightGCN-Dec-18-2025_11-36-21.pth
Thu 18 Dec 2025 12:40:23 INFO  epoch 38 training [time: 76.37s, train loss: 187.7506]
Thu 18 Dec 2025 12:40:46 INFO  epoch 38 evaluating [time: 22.64s, valid_score: 0.144400]
Thu 18 Dec 2025 12:40:46 INFO  valid result: 
recall@10 : 0.1444    ndcg@10 : 0.2388    mrr@10 : 0.4658
Thu 18 Dec 2025 12:40:46 INFO  Saving current: saved/LightGCN-Dec-18-2025_11-36-21.pth
Thu 18 Dec 2025 12:42:02 INFO  epoch 39 training [time: 76.36s, train loss: 185.7427]
Thu 18 Dec 2025 12:42:25 INFO  epoch 39 evaluating [time: 22.65s, valid_score: 0.145100]
Thu 18 Dec 2025 12:42:25 INFO  valid result: 
recall@10 : 0.1451    ndcg@10 : 0.2399    mrr@10 : 0.4672
Thu 18 Dec 2025 12:42:25 INFO  Saving current: saved/LightGCN-Dec-18-2025_11-36-21.pth
Thu 18 Dec 2025 12:43:41 INFO  epoch 40 training [time: 76.37s, train loss: 184.3362]
Thu 18 Dec 2025 12:44:04 INFO  epoch 40 evaluating [time: 22.65s, valid_score: 0.145600]
Thu 18 Dec 2025 12:44:04 INFO  valid result: 
recall@10 : 0.1456    ndcg@10 : 0.2406    mrr@10 : 0.4691
Thu 18 Dec 2025 12:44:04 INFO  Saving current: saved/LightGCN-Dec-18-2025_11-36-21.pth
Thu 18 Dec 2025 12:45:21 INFO  epoch 41 training [time: 76.39s, train loss: 182.9041]
Thu 18 Dec 2025 12:45:43 INFO  epoch 41 evaluating [time: 22.77s, valid_score: 0.146200]
Thu 18 Dec 2025 12:45:43 INFO  valid result: 
recall@10 : 0.1462    ndcg@10 : 0.2418    mrr@10 : 0.4708
Thu 18 Dec 2025 12:45:43 INFO  Saving current: saved/LightGCN-Dec-18-2025_11-36-21.pth
Thu 18 Dec 2025 12:47:00 INFO  epoch 42 training [time: 76.37s, train loss: 181.6841]
Thu 18 Dec 2025 12:47:23 INFO  epoch 42 evaluating [time: 22.73s, valid_score: 0.146200]
Thu 18 Dec 2025 12:47:23 INFO  valid result: 
recall@10 : 0.1462    ndcg@10 : 0.2418    mrr@10 : 0.4704
Thu 18 Dec 2025 12:47:23 INFO  Saving current: saved/LightGCN-Dec-18-2025_11-36-21.pth
Thu 18 Dec 2025 12:48:39 INFO  epoch 43 training [time: 76.37s, train loss: 180.1642]
Thu 18 Dec 2025 12:49:02 INFO  epoch 43 evaluating [time: 22.52s, valid_score: 0.146400]
Thu 18 Dec 2025 12:49:02 INFO  valid result: 
recall@10 : 0.1464    ndcg@10 : 0.243    mrr@10 : 0.4722
Thu 18 Dec 2025 12:49:02 INFO  Saving current: saved/LightGCN-Dec-18-2025_11-36-21.pth
Thu 18 Dec 2025 12:50:18 INFO  epoch 44 training [time: 76.40s, train loss: 178.3628]
Thu 18 Dec 2025 12:50:41 INFO  epoch 44 evaluating [time: 22.61s, valid_score: 0.146900]
Thu 18 Dec 2025 12:50:41 INFO  valid result: 
recall@10 : 0.1469    ndcg@10 : 0.2435    mrr@10 : 0.474
Thu 18 Dec 2025 12:50:41 INFO  Saving current: saved/LightGCN-Dec-18-2025_11-36-21.pth
Thu 18 Dec 2025 12:51:57 INFO  epoch 45 training [time: 76.37s, train loss: 177.5877]
Thu 18 Dec 2025 12:52:20 INFO  epoch 45 evaluating [time: 22.63s, valid_score: 0.148000]
Thu 18 Dec 2025 12:52:20 INFO  valid result: 
recall@10 : 0.148    ndcg@10 : 0.2451    mrr@10 : 0.4761
Thu 18 Dec 2025 12:52:20 INFO  Saving current: saved/LightGCN-Dec-18-2025_11-36-21.pth
Thu 18 Dec 2025 12:53:37 INFO  epoch 46 training [time: 76.37s, train loss: 175.6152]
Thu 18 Dec 2025 12:53:59 INFO  epoch 46 evaluating [time: 22.43s, valid_score: 0.148400]
Thu 18 Dec 2025 12:53:59 INFO  valid result: 
recall@10 : 0.1484    ndcg@10 : 0.2455    mrr@10 : 0.4763
Thu 18 Dec 2025 12:53:59 INFO  Saving current: saved/LightGCN-Dec-18-2025_11-36-21.pth
Thu 18 Dec 2025 12:55:16 INFO  epoch 47 training [time: 76.36s, train loss: 174.7791]
Thu 18 Dec 2025 12:55:38 INFO  epoch 47 evaluating [time: 22.38s, valid_score: 0.149000]
Thu 18 Dec 2025 12:55:38 INFO  valid result: 
recall@10 : 0.149    ndcg@10 : 0.2463    mrr@10 : 0.4777
Thu 18 Dec 2025 12:55:38 INFO  Saving current: saved/LightGCN-Dec-18-2025_11-36-21.pth
Thu 18 Dec 2025 12:56:54 INFO  epoch 48 training [time: 76.37s, train loss: 172.9892]
Thu 18 Dec 2025 12:57:17 INFO  epoch 48 evaluating [time: 22.60s, valid_score: 0.148900]
Thu 18 Dec 2025 12:57:17 INFO  valid result: 
recall@10 : 0.1489    ndcg@10 : 0.2465    mrr@10 : 0.4783
Thu 18 Dec 2025 12:58:33 INFO  epoch 49 training [time: 76.37s, train loss: 171.4220]
Thu 18 Dec 2025 12:58:56 INFO  epoch 49 evaluating [time: 22.55s, valid_score: 0.149300]
Thu 18 Dec 2025 12:58:56 INFO  valid result: 
recall@10 : 0.1493    ndcg@10 : 0.2474    mrr@10 : 0.4793
Thu 18 Dec 2025 12:58:56 INFO  Saving current: saved/LightGCN-Dec-18-2025_11-36-21.pth
Thu 18 Dec 2025 13:00:13 INFO  epoch 50 training [time: 76.37s, train loss: 170.7300]
Thu 18 Dec 2025 13:00:35 INFO  epoch 50 evaluating [time: 22.76s, valid_score: 0.149200]
Thu 18 Dec 2025 13:00:35 INFO  valid result: 
recall@10 : 0.1492    ndcg@10 : 0.2469    mrr@10 : 0.478
Thu 18 Dec 2025 13:01:52 INFO  epoch 51 training [time: 76.32s, train loss: 168.9674]
Thu 18 Dec 2025 13:02:14 INFO  epoch 51 evaluating [time: 22.84s, valid_score: 0.149900]
Thu 18 Dec 2025 13:02:14 INFO  valid result: 
recall@10 : 0.1499    ndcg@10 : 0.2487    mrr@10 : 0.4813
Thu 18 Dec 2025 13:02:15 INFO  Saving current: saved/LightGCN-Dec-18-2025_11-36-21.pth
Thu 18 Dec 2025 13:03:31 INFO  epoch 52 training [time: 76.38s, train loss: 167.4828]
Thu 18 Dec 2025 13:03:54 INFO  epoch 52 evaluating [time: 22.65s, valid_score: 0.150300]
Thu 18 Dec 2025 13:03:54 INFO  valid result: 
recall@10 : 0.1503    ndcg@10 : 0.2488    mrr@10 : 0.4814
Thu 18 Dec 2025 13:03:54 INFO  Saving current: saved/LightGCN-Dec-18-2025_11-36-21.pth
Thu 18 Dec 2025 13:05:10 INFO  epoch 53 training [time: 76.35s, train loss: 166.2328]
Thu 18 Dec 2025 13:05:33 INFO  epoch 53 evaluating [time: 22.55s, valid_score: 0.150800]
Thu 18 Dec 2025 13:05:33 INFO  valid result: 
recall@10 : 0.1508    ndcg@10 : 0.2501    mrr@10 : 0.4847
Thu 18 Dec 2025 13:05:33 INFO  Saving current: saved/LightGCN-Dec-18-2025_11-36-21.pth
Thu 18 Dec 2025 13:06:49 INFO  epoch 54 training [time: 76.37s, train loss: 165.2437]
Thu 18 Dec 2025 13:07:12 INFO  epoch 54 evaluating [time: 22.87s, valid_score: 0.151200]
Thu 18 Dec 2025 13:07:12 INFO  valid result: 
recall@10 : 0.1512    ndcg@10 : 0.2502    mrr@10 : 0.4847
Thu 18 Dec 2025 13:07:12 INFO  Saving current: saved/LightGCN-Dec-18-2025_11-36-21.pth
Thu 18 Dec 2025 13:08:29 INFO  epoch 55 training [time: 76.40s, train loss: 164.2336]
Thu 18 Dec 2025 13:08:51 INFO  epoch 55 evaluating [time: 22.70s, valid_score: 0.151700]
Thu 18 Dec 2025 13:08:51 INFO  valid result: 
recall@10 : 0.1517    ndcg@10 : 0.2511    mrr@10 : 0.4853
Thu 18 Dec 2025 13:08:52 INFO  Saving current: saved/LightGCN-Dec-18-2025_11-36-21.pth
Thu 18 Dec 2025 13:10:08 INFO  epoch 56 training [time: 76.33s, train loss: 163.5266]
Thu 18 Dec 2025 13:10:31 INFO  epoch 56 evaluating [time: 22.76s, valid_score: 0.151600]
Thu 18 Dec 2025 13:10:31 INFO  valid result: 
recall@10 : 0.1516    ndcg@10 : 0.2513    mrr@10 : 0.4854
Thu 18 Dec 2025 13:11:47 INFO  epoch 57 training [time: 76.34s, train loss: 162.1675]
Thu 18 Dec 2025 13:12:10 INFO  epoch 57 evaluating [time: 22.78s, valid_score: 0.152200]
Thu 18 Dec 2025 13:12:10 INFO  valid result: 
recall@10 : 0.1522    ndcg@10 : 0.2517    mrr@10 : 0.485
Thu 18 Dec 2025 13:12:10 INFO  Saving current: saved/LightGCN-Dec-18-2025_11-36-21.pth
Thu 18 Dec 2025 13:13:26 INFO  epoch 58 training [time: 76.32s, train loss: 161.1153]
Thu 18 Dec 2025 13:13:49 INFO  epoch 58 evaluating [time: 22.57s, valid_score: 0.152000]
Thu 18 Dec 2025 13:13:49 INFO  valid result: 
recall@10 : 0.152    ndcg@10 : 0.2517    mrr@10 : 0.4864
Thu 18 Dec 2025 13:15:05 INFO  epoch 59 training [time: 76.39s, train loss: 160.1612]
Thu 18 Dec 2025 13:15:28 INFO  epoch 59 evaluating [time: 22.36s, valid_score: 0.152600]
Thu 18 Dec 2025 13:15:28 INFO  valid result: 
recall@10 : 0.1526    ndcg@10 : 0.2524    mrr@10 : 0.4875
Thu 18 Dec 2025 13:15:28 INFO  Saving current: saved/LightGCN-Dec-18-2025_11-36-21.pth
Thu 18 Dec 2025 13:16:44 INFO  epoch 60 training [time: 76.40s, train loss: 158.2411]
Thu 18 Dec 2025 13:17:07 INFO  epoch 60 evaluating [time: 22.37s, valid_score: 0.152900]
Thu 18 Dec 2025 13:17:07 INFO  valid result: 
recall@10 : 0.1529    ndcg@10 : 0.2527    mrr@10 : 0.488
Thu 18 Dec 2025 13:17:07 INFO  Saving current: saved/LightGCN-Dec-18-2025_11-36-21.pth
Thu 18 Dec 2025 13:18:23 INFO  epoch 61 training [time: 76.37s, train loss: 157.3951]
Thu 18 Dec 2025 13:18:46 INFO  epoch 61 evaluating [time: 22.73s, valid_score: 0.152800]
Thu 18 Dec 2025 13:18:46 INFO  valid result: 
recall@10 : 0.1528    ndcg@10 : 0.2528    mrr@10 : 0.488
Thu 18 Dec 2025 13:20:02 INFO  epoch 62 training [time: 76.39s, train loss: 156.0467]
Thu 18 Dec 2025 13:20:25 INFO  epoch 62 evaluating [time: 22.59s, valid_score: 0.153300]
Thu 18 Dec 2025 13:20:25 INFO  valid result: 
recall@10 : 0.1533    ndcg@10 : 0.2537    mrr@10 : 0.4905
Thu 18 Dec 2025 13:20:25 INFO  Saving current: saved/LightGCN-Dec-18-2025_11-36-21.pth
Thu 18 Dec 2025 13:21:41 INFO  epoch 63 training [time: 76.37s, train loss: 154.9656]
Thu 18 Dec 2025 13:22:04 INFO  epoch 63 evaluating [time: 22.81s, valid_score: 0.153400]
Thu 18 Dec 2025 13:22:04 INFO  valid result: 
recall@10 : 0.1534    ndcg@10 : 0.2534    mrr@10 : 0.4891
Thu 18 Dec 2025 13:22:04 INFO  Saving current: saved/LightGCN-Dec-18-2025_11-36-21.pth
Thu 18 Dec 2025 13:23:21 INFO  epoch 64 training [time: 76.38s, train loss: 154.0220]
Thu 18 Dec 2025 13:23:43 INFO  epoch 64 evaluating [time: 22.61s, valid_score: 0.154100]
Thu 18 Dec 2025 13:23:43 INFO  valid result: 
recall@10 : 0.1541    ndcg@10 : 0.2546    mrr@10 : 0.4907
Thu 18 Dec 2025 13:23:43 INFO  Saving current: saved/LightGCN-Dec-18-2025_11-36-21.pth
Thu 18 Dec 2025 13:25:00 INFO  epoch 65 training [time: 76.38s, train loss: 152.6062]
Thu 18 Dec 2025 13:25:22 INFO  epoch 65 evaluating [time: 22.64s, valid_score: 0.154200]
Thu 18 Dec 2025 13:25:22 INFO  valid result: 
recall@10 : 0.1542    ndcg@10 : 0.2547    mrr@10 : 0.4899
Thu 18 Dec 2025 13:25:23 INFO  Saving current: saved/LightGCN-Dec-18-2025_11-36-21.pth
Thu 18 Dec 2025 13:26:39 INFO  epoch 66 training [time: 76.36s, train loss: 151.3472]
Thu 18 Dec 2025 13:27:02 INFO  epoch 66 evaluating [time: 22.65s, valid_score: 0.154600]
Thu 18 Dec 2025 13:27:02 INFO  valid result: 
recall@10 : 0.1546    ndcg@10 : 0.2548    mrr@10 : 0.4904
Thu 18 Dec 2025 13:27:02 INFO  Saving current: saved/LightGCN-Dec-18-2025_11-36-21.pth
Thu 18 Dec 2025 13:28:18 INFO  epoch 67 training [time: 76.34s, train loss: 150.8179]
Thu 18 Dec 2025 13:28:41 INFO  epoch 67 evaluating [time: 22.40s, valid_score: 0.154900]
Thu 18 Dec 2025 13:28:41 INFO  valid result: 
recall@10 : 0.1549    ndcg@10 : 0.256    mrr@10 : 0.4926
Thu 18 Dec 2025 13:28:41 INFO  Saving current: saved/LightGCN-Dec-18-2025_11-36-21.pth
Thu 18 Dec 2025 13:29:57 INFO  epoch 68 training [time: 76.34s, train loss: 150.4979]
Thu 18 Dec 2025 13:30:20 INFO  epoch 68 evaluating [time: 22.60s, valid_score: 0.155000]
Thu 18 Dec 2025 13:30:20 INFO  valid result: 
recall@10 : 0.155    ndcg@10 : 0.2558    mrr@10 : 0.4926
Thu 18 Dec 2025 13:30:20 INFO  Saving current: saved/LightGCN-Dec-18-2025_11-36-21.pth
Thu 18 Dec 2025 13:31:36 INFO  epoch 69 training [time: 76.37s, train loss: 148.5234]
Thu 18 Dec 2025 13:31:59 INFO  epoch 69 evaluating [time: 22.61s, valid_score: 0.154900]
Thu 18 Dec 2025 13:31:59 INFO  valid result: 
recall@10 : 0.1549    ndcg@10 : 0.2562    mrr@10 : 0.4934
Thu 18 Dec 2025 13:33:15 INFO  epoch 70 training [time: 76.32s, train loss: 147.0563]
Thu 18 Dec 2025 13:33:38 INFO  epoch 70 evaluating [time: 22.60s, valid_score: 0.155100]
Thu 18 Dec 2025 13:33:38 INFO  valid result: 
recall@10 : 0.1551    ndcg@10 : 0.2559    mrr@10 : 0.4926
Thu 18 Dec 2025 13:33:38 INFO  Saving current: saved/LightGCN-Dec-18-2025_11-36-21.pth
Thu 18 Dec 2025 13:34:54 INFO  epoch 71 training [time: 76.39s, train loss: 147.2109]
Thu 18 Dec 2025 13:35:17 INFO  epoch 71 evaluating [time: 22.87s, valid_score: 0.156000]
Thu 18 Dec 2025 13:35:17 INFO  valid result: 
recall@10 : 0.156    ndcg@10 : 0.2561    mrr@10 : 0.4901
Thu 18 Dec 2025 13:35:17 INFO  Saving current: saved/LightGCN-Dec-18-2025_11-36-21.pth
Thu 18 Dec 2025 13:36:34 INFO  epoch 72 training [time: 76.34s, train loss: 146.1044]
Thu 18 Dec 2025 13:36:56 INFO  epoch 72 evaluating [time: 22.77s, valid_score: 0.155200]
Thu 18 Dec 2025 13:36:56 INFO  valid result: 
recall@10 : 0.1552    ndcg@10 : 0.2564    mrr@10 : 0.4924
Thu 18 Dec 2025 13:38:13 INFO  epoch 73 training [time: 76.34s, train loss: 144.9852]
Thu 18 Dec 2025 13:38:35 INFO  epoch 73 evaluating [time: 22.67s, valid_score: 0.156300]
Thu 18 Dec 2025 13:38:35 INFO  valid result: 
recall@10 : 0.1563    ndcg@10 : 0.2572    mrr@10 : 0.4938
Thu 18 Dec 2025 13:38:36 INFO  Saving current: saved/LightGCN-Dec-18-2025_11-36-21.pth
Thu 18 Dec 2025 13:39:52 INFO  epoch 74 training [time: 76.31s, train loss: 144.2249]
Thu 18 Dec 2025 13:40:15 INFO  epoch 74 evaluating [time: 22.74s, valid_score: 0.156300]
Thu 18 Dec 2025 13:40:15 INFO  valid result: 
recall@10 : 0.1563    ndcg@10 : 0.2573    mrr@10 : 0.4941
Thu 18 Dec 2025 13:40:15 INFO  Saving current: saved/LightGCN-Dec-18-2025_11-36-21.pth
Thu 18 Dec 2025 13:41:31 INFO  epoch 75 training [time: 76.35s, train loss: 143.3302]
Thu 18 Dec 2025 13:41:54 INFO  epoch 75 evaluating [time: 22.58s, valid_score: 0.156500]
Thu 18 Dec 2025 13:41:54 INFO  valid result: 
recall@10 : 0.1565    ndcg@10 : 0.2583    mrr@10 : 0.4961
Thu 18 Dec 2025 13:41:54 INFO  Saving current: saved/LightGCN-Dec-18-2025_11-36-21.pth
Thu 18 Dec 2025 13:43:10 INFO  epoch 76 training [time: 76.35s, train loss: 142.5406]
Thu 18 Dec 2025 13:43:33 INFO  epoch 76 evaluating [time: 22.45s, valid_score: 0.156500]
Thu 18 Dec 2025 13:43:33 INFO  valid result: 
recall@10 : 0.1565    ndcg@10 : 0.2582    mrr@10 : 0.4961
Thu 18 Dec 2025 13:43:33 INFO  Saving current: saved/LightGCN-Dec-18-2025_11-36-21.pth
Thu 18 Dec 2025 13:44:49 INFO  epoch 77 training [time: 76.36s, train loss: 140.6462]
Thu 18 Dec 2025 13:45:12 INFO  epoch 77 evaluating [time: 22.59s, valid_score: 0.156800]
Thu 18 Dec 2025 13:45:12 INFO  valid result: 
recall@10 : 0.1568    ndcg@10 : 0.2584    mrr@10 : 0.496
Thu 18 Dec 2025 13:45:12 INFO  Saving current: saved/LightGCN-Dec-18-2025_11-36-21.pth
Thu 18 Dec 2025 13:46:28 INFO  epoch 78 training [time: 76.40s, train loss: 141.1770]
Thu 18 Dec 2025 13:46:51 INFO  epoch 78 evaluating [time: 22.57s, valid_score: 0.156700]
Thu 18 Dec 2025 13:46:51 INFO  valid result: 
recall@10 : 0.1567    ndcg@10 : 0.2585    mrr@10 : 0.497
Thu 18 Dec 2025 13:48:07 INFO  epoch 79 training [time: 76.36s, train loss: 139.6552]
Thu 18 Dec 2025 13:48:30 INFO  epoch 79 evaluating [time: 22.53s, valid_score: 0.157200]
Thu 18 Dec 2025 13:48:30 INFO  valid result: 
recall@10 : 0.1572    ndcg@10 : 0.259    mrr@10 : 0.4975
Thu 18 Dec 2025 13:48:30 INFO  Saving current: saved/LightGCN-Dec-18-2025_11-36-21.pth
Thu 18 Dec 2025 13:49:46 INFO  epoch 80 training [time: 76.37s, train loss: 138.8203]
Thu 18 Dec 2025 13:50:09 INFO  epoch 80 evaluating [time: 22.74s, valid_score: 0.157300]
Thu 18 Dec 2025 13:50:09 INFO  valid result: 
recall@10 : 0.1573    ndcg@10 : 0.259    mrr@10 : 0.4973
Thu 18 Dec 2025 13:50:09 INFO  Saving current: saved/LightGCN-Dec-18-2025_11-36-21.pth
Thu 18 Dec 2025 13:51:26 INFO  epoch 81 training [time: 76.36s, train loss: 137.8474]
Thu 18 Dec 2025 13:51:48 INFO  epoch 81 evaluating [time: 22.59s, valid_score: 0.157400]
Thu 18 Dec 2025 13:51:48 INFO  valid result: 
recall@10 : 0.1574    ndcg@10 : 0.2589    mrr@10 : 0.4967
Thu 18 Dec 2025 13:51:48 INFO  Saving current: saved/LightGCN-Dec-18-2025_11-36-21.pth
Thu 18 Dec 2025 13:53:05 INFO  epoch 82 training [time: 76.38s, train loss: 137.2951]
Thu 18 Dec 2025 13:53:28 INFO  epoch 82 evaluating [time: 22.65s, valid_score: 0.157300]
Thu 18 Dec 2025 13:53:28 INFO  valid result: 
recall@10 : 0.1573    ndcg@10 : 0.2586    mrr@10 : 0.4963
Thu 18 Dec 2025 13:54:44 INFO  epoch 83 training [time: 76.34s, train loss: 136.5758]
Thu 18 Dec 2025 13:55:07 INFO  epoch 83 evaluating [time: 22.72s, valid_score: 0.157900]
Thu 18 Dec 2025 13:55:07 INFO  valid result: 
recall@10 : 0.1579    ndcg@10 : 0.2597    mrr@10 : 0.4973
Thu 18 Dec 2025 13:55:07 INFO  Saving current: saved/LightGCN-Dec-18-2025_11-36-21.pth
Thu 18 Dec 2025 13:56:23 INFO  epoch 84 training [time: 76.34s, train loss: 135.7149]
Thu 18 Dec 2025 13:56:46 INFO  epoch 84 evaluating [time: 22.77s, valid_score: 0.158000]
Thu 18 Dec 2025 13:56:46 INFO  valid result: 
recall@10 : 0.158    ndcg@10 : 0.2596    mrr@10 : 0.4973
Thu 18 Dec 2025 13:56:46 INFO  Saving current: saved/LightGCN-Dec-18-2025_11-36-21.pth
Thu 18 Dec 2025 13:58:02 INFO  epoch 85 training [time: 76.36s, train loss: 134.5915]
Thu 18 Dec 2025 13:58:25 INFO  epoch 85 evaluating [time: 22.44s, valid_score: 0.157800]
Thu 18 Dec 2025 13:58:25 INFO  valid result: 
recall@10 : 0.1578    ndcg@10 : 0.2593    mrr@10 : 0.4979
Thu 18 Dec 2025 13:59:41 INFO  epoch 86 training [time: 76.37s, train loss: 134.2792]
Thu 18 Dec 2025 14:00:04 INFO  epoch 86 evaluating [time: 22.57s, valid_score: 0.158400]
Thu 18 Dec 2025 14:00:04 INFO  valid result: 
recall@10 : 0.1584    ndcg@10 : 0.2601    mrr@10 : 0.4988
Thu 18 Dec 2025 14:00:04 INFO  Saving current: saved/LightGCN-Dec-18-2025_11-36-21.pth
Thu 18 Dec 2025 14:01:20 INFO  epoch 87 training [time: 76.35s, train loss: 133.3280]
Thu 18 Dec 2025 14:01:43 INFO  epoch 87 evaluating [time: 22.76s, valid_score: 0.158600]
Thu 18 Dec 2025 14:01:43 INFO  valid result: 
recall@10 : 0.1586    ndcg@10 : 0.2608    mrr@10 : 0.5002
Thu 18 Dec 2025 14:01:43 INFO  Saving current: saved/LightGCN-Dec-18-2025_11-36-21.pth
Thu 18 Dec 2025 14:03:00 INFO  epoch 88 training [time: 76.35s, train loss: 132.5393]
Thu 18 Dec 2025 14:03:22 INFO  epoch 88 evaluating [time: 22.48s, valid_score: 0.158200]
Thu 18 Dec 2025 14:03:22 INFO  valid result: 
recall@10 : 0.1582    ndcg@10 : 0.26    mrr@10 : 0.4998
Thu 18 Dec 2025 14:04:38 INFO  epoch 89 training [time: 76.34s, train loss: 131.5189]
Thu 18 Dec 2025 14:05:01 INFO  epoch 89 evaluating [time: 22.55s, valid_score: 0.158300]
Thu 18 Dec 2025 14:05:01 INFO  valid result: 
recall@10 : 0.1583    ndcg@10 : 0.2599    mrr@10 : 0.4983
Thu 18 Dec 2025 14:06:17 INFO  epoch 90 training [time: 76.35s, train loss: 130.7264]
Thu 18 Dec 2025 14:06:40 INFO  epoch 90 evaluating [time: 22.42s, valid_score: 0.158300]
Thu 18 Dec 2025 14:06:40 INFO  valid result: 
recall@10 : 0.1583    ndcg@10 : 0.2604    mrr@10 : 0.4999
Thu 18 Dec 2025 14:07:56 INFO  epoch 91 training [time: 76.37s, train loss: 130.0829]
Thu 18 Dec 2025 14:08:19 INFO  epoch 91 evaluating [time: 22.70s, valid_score: 0.159200]
Thu 18 Dec 2025 14:08:19 INFO  valid result: 
recall@10 : 0.1592    ndcg@10 : 0.2613    mrr@10 : 0.5015
Thu 18 Dec 2025 14:08:19 INFO  Saving current: saved/LightGCN-Dec-18-2025_11-36-21.pth
Thu 18 Dec 2025 14:09:35 INFO  epoch 92 training [time: 76.35s, train loss: 129.8730]
Thu 18 Dec 2025 14:09:58 INFO  epoch 92 evaluating [time: 22.63s, valid_score: 0.159000]
Thu 18 Dec 2025 14:09:58 INFO  valid result: 
recall@10 : 0.159    ndcg@10 : 0.2609    mrr@10 : 0.4997
Thu 18 Dec 2025 14:11:14 INFO  epoch 93 training [time: 76.32s, train loss: 128.9584]
Thu 18 Dec 2025 14:11:37 INFO  epoch 93 evaluating [time: 22.60s, valid_score: 0.158700]
Thu 18 Dec 2025 14:11:37 INFO  valid result: 
recall@10 : 0.1587    ndcg@10 : 0.2607    mrr@10 : 0.4997
Thu 18 Dec 2025 14:12:53 INFO  epoch 94 training [time: 76.34s, train loss: 128.3161]
Thu 18 Dec 2025 14:13:16 INFO  epoch 94 evaluating [time: 22.72s, valid_score: 0.158800]
Thu 18 Dec 2025 14:13:16 INFO  valid result: 
recall@10 : 0.1588    ndcg@10 : 0.2605    mrr@10 : 0.4984
Thu 18 Dec 2025 14:14:32 INFO  epoch 95 training [time: 76.38s, train loss: 127.5990]
Thu 18 Dec 2025 14:14:55 INFO  epoch 95 evaluating [time: 22.96s, valid_score: 0.158800]
Thu 18 Dec 2025 14:14:55 INFO  valid result: 
recall@10 : 0.1588    ndcg@10 : 0.2606    mrr@10 : 0.4993
Thu 18 Dec 2025 14:16:12 INFO  epoch 96 training [time: 76.35s, train loss: 127.2738]
Thu 18 Dec 2025 14:16:34 INFO  epoch 96 evaluating [time: 22.63s, valid_score: 0.159000]
Thu 18 Dec 2025 14:16:34 INFO  valid result: 
recall@10 : 0.159    ndcg@10 : 0.261    mrr@10 : 0.5008
Thu 18 Dec 2025 14:17:51 INFO  epoch 97 training [time: 76.42s, train loss: 126.4815]
Thu 18 Dec 2025 14:18:14 INFO  epoch 97 evaluating [time: 22.94s, valid_score: 0.158900]
Thu 18 Dec 2025 14:18:14 INFO  valid result: 
recall@10 : 0.1589    ndcg@10 : 0.2608    mrr@10 : 0.5005
Thu 18 Dec 2025 14:19:30 INFO  epoch 98 training [time: 76.35s, train loss: 125.6614]
Thu 18 Dec 2025 14:19:53 INFO  epoch 98 evaluating [time: 22.67s, valid_score: 0.158500]
Thu 18 Dec 2025 14:19:53 INFO  valid result: 
recall@10 : 0.1585    ndcg@10 : 0.26    mrr@10 : 0.4997
Thu 18 Dec 2025 14:21:09 INFO  epoch 99 training [time: 76.35s, train loss: 125.2748]
Thu 18 Dec 2025 14:21:32 INFO  epoch 99 evaluating [time: 22.81s, valid_score: 0.159000]
Thu 18 Dec 2025 14:21:32 INFO  valid result: 
recall@10 : 0.159    ndcg@10 : 0.2607    mrr@10 : 0.5005
Thu 18 Dec 2025 14:22:48 INFO  epoch 100 training [time: 76.37s, train loss: 125.0112]
Thu 18 Dec 2025 14:23:11 INFO  epoch 100 evaluating [time: 22.61s, valid_score: 0.159500]
Thu 18 Dec 2025 14:23:11 INFO  valid result: 
recall@10 : 0.1595    ndcg@10 : 0.2614    mrr@10 : 0.5025
Thu 18 Dec 2025 14:23:11 INFO  Saving current: saved/LightGCN-Dec-18-2025_11-36-21.pth
Thu 18 Dec 2025 14:24:27 INFO  epoch 101 training [time: 76.38s, train loss: 124.1226]
Thu 18 Dec 2025 14:24:50 INFO  epoch 101 evaluating [time: 22.80s, valid_score: 0.159300]
Thu 18 Dec 2025 14:24:50 INFO  valid result: 
recall@10 : 0.1593    ndcg@10 : 0.2609    mrr@10 : 0.5016
Thu 18 Dec 2025 14:26:06 INFO  epoch 102 training [time: 76.36s, train loss: 123.9722]
Thu 18 Dec 2025 14:26:29 INFO  epoch 102 evaluating [time: 22.65s, valid_score: 0.159400]
Thu 18 Dec 2025 14:26:29 INFO  valid result: 
recall@10 : 0.1594    ndcg@10 : 0.261    mrr@10 : 0.4996
Thu 18 Dec 2025 14:27:45 INFO  epoch 103 training [time: 76.37s, train loss: 123.2092]
Thu 18 Dec 2025 14:28:08 INFO  epoch 103 evaluating [time: 22.80s, valid_score: 0.158800]
Thu 18 Dec 2025 14:28:08 INFO  valid result: 
recall@10 : 0.1588    ndcg@10 : 0.2601    mrr@10 : 0.4997
Thu 18 Dec 2025 14:29:25 INFO  epoch 104 training [time: 76.36s, train loss: 122.1082]
Thu 18 Dec 2025 14:29:47 INFO  epoch 104 evaluating [time: 22.66s, valid_score: 0.159000]
Thu 18 Dec 2025 14:29:47 INFO  valid result: 
recall@10 : 0.159    ndcg@10 : 0.2604    mrr@10 : 0.5002
Thu 18 Dec 2025 14:31:04 INFO  epoch 105 training [time: 76.38s, train loss: 121.7730]
Thu 18 Dec 2025 14:31:26 INFO  epoch 105 evaluating [time: 22.74s, valid_score: 0.159300]
Thu 18 Dec 2025 14:31:26 INFO  valid result: 
recall@10 : 0.1593    ndcg@10 : 0.2605    mrr@10 : 0.5008
Thu 18 Dec 2025 14:32:43 INFO  epoch 106 training [time: 76.30s, train loss: 121.3973]
Thu 18 Dec 2025 14:33:05 INFO  epoch 106 evaluating [time: 22.71s, valid_score: 0.159300]
Thu 18 Dec 2025 14:33:05 INFO  valid result: 
recall@10 : 0.1593    ndcg@10 : 0.2604    mrr@10 : 0.4989
Thu 18 Dec 2025 14:34:22 INFO  epoch 107 training [time: 76.34s, train loss: 120.9353]
Thu 18 Dec 2025 14:34:45 INFO  epoch 107 evaluating [time: 22.79s, valid_score: 0.159700]
Thu 18 Dec 2025 14:34:45 INFO  valid result: 
recall@10 : 0.1597    ndcg@10 : 0.261    mrr@10 : 0.4994
Thu 18 Dec 2025 14:34:45 INFO  Saving current: saved/LightGCN-Dec-18-2025_11-36-21.pth
Thu 18 Dec 2025 14:36:01 INFO  epoch 108 training [time: 76.38s, train loss: 120.1440]
Thu 18 Dec 2025 14:36:24 INFO  epoch 108 evaluating [time: 22.60s, valid_score: 0.159300]
Thu 18 Dec 2025 14:36:24 INFO  valid result: 
recall@10 : 0.1593    ndcg@10 : 0.26    mrr@10 : 0.4984
Thu 18 Dec 2025 14:37:40 INFO  epoch 109 training [time: 76.40s, train loss: 120.0461]
Thu 18 Dec 2025 14:38:03 INFO  epoch 109 evaluating [time: 22.74s, valid_score: 0.159000]
Thu 18 Dec 2025 14:38:03 INFO  valid result: 
recall@10 : 0.159    ndcg@10 : 0.2598    mrr@10 : 0.4987
Thu 18 Dec 2025 14:39:19 INFO  epoch 110 training [time: 76.36s, train loss: 119.3100]
Thu 18 Dec 2025 14:39:42 INFO  epoch 110 evaluating [time: 22.80s, valid_score: 0.159500]
Thu 18 Dec 2025 14:39:42 INFO  valid result: 
recall@10 : 0.1595    ndcg@10 : 0.2606    mrr@10 : 0.5005
Thu 18 Dec 2025 14:40:58 INFO  epoch 111 training [time: 76.40s, train loss: 119.0594]
Thu 18 Dec 2025 14:41:21 INFO  epoch 111 evaluating [time: 22.58s, valid_score: 0.159900]
Thu 18 Dec 2025 14:41:21 INFO  valid result: 
recall@10 : 0.1599    ndcg@10 : 0.2612    mrr@10 : 0.5015
Thu 18 Dec 2025 14:41:21 INFO  Saving current: saved/LightGCN-Dec-18-2025_11-36-21.pth
Thu 18 Dec 2025 14:42:38 INFO  epoch 112 training [time: 76.38s, train loss: 118.6132]
Thu 18 Dec 2025 14:43:00 INFO  epoch 112 evaluating [time: 22.76s, valid_score: 0.159100]
Thu 18 Dec 2025 14:43:00 INFO  valid result: 
recall@10 : 0.1591    ndcg@10 : 0.2601    mrr@10 : 0.5002
Thu 18 Dec 2025 14:44:17 INFO  epoch 113 training [time: 76.34s, train loss: 117.9531]
Thu 18 Dec 2025 14:44:39 INFO  epoch 113 evaluating [time: 22.73s, valid_score: 0.159500]
Thu 18 Dec 2025 14:44:39 INFO  valid result: 
recall@10 : 0.1595    ndcg@10 : 0.2604    mrr@10 : 0.5007
Thu 18 Dec 2025 14:45:56 INFO  epoch 114 training [time: 76.39s, train loss: 117.7282]
Thu 18 Dec 2025 14:46:18 INFO  epoch 114 evaluating [time: 22.61s, valid_score: 0.159000]
Thu 18 Dec 2025 14:46:18 INFO  valid result: 
recall@10 : 0.159    ndcg@10 : 0.2597    mrr@10 : 0.4993
Thu 18 Dec 2025 14:47:35 INFO  epoch 115 training [time: 76.36s, train loss: 116.9446]
Thu 18 Dec 2025 14:47:57 INFO  epoch 115 evaluating [time: 22.48s, valid_score: 0.159700]
Thu 18 Dec 2025 14:47:57 INFO  valid result: 
recall@10 : 0.1597    ndcg@10 : 0.2609    mrr@10 : 0.5005
Thu 18 Dec 2025 14:49:14 INFO  epoch 116 training [time: 76.33s, train loss: 116.6082]
Thu 18 Dec 2025 14:49:36 INFO  epoch 116 evaluating [time: 22.75s, valid_score: 0.159400]
Thu 18 Dec 2025 14:49:36 INFO  valid result: 
recall@10 : 0.1594    ndcg@10 : 0.2602    mrr@10 : 0.4999
Thu 18 Dec 2025 14:50:53 INFO  epoch 117 training [time: 76.38s, train loss: 116.1912]
Thu 18 Dec 2025 14:51:15 INFO  epoch 117 evaluating [time: 22.56s, valid_score: 0.159200]
Thu 18 Dec 2025 14:51:15 INFO  valid result: 
recall@10 : 0.1592    ndcg@10 : 0.2597    mrr@10 : 0.499
Thu 18 Dec 2025 14:52:32 INFO  epoch 118 training [time: 76.34s, train loss: 116.0100]
Thu 18 Dec 2025 14:52:54 INFO  epoch 118 evaluating [time: 22.68s, valid_score: 0.159200]
Thu 18 Dec 2025 14:52:54 INFO  valid result: 
recall@10 : 0.1592    ndcg@10 : 0.2596    mrr@10 : 0.4984
Thu 18 Dec 2025 14:54:11 INFO  epoch 119 training [time: 76.28s, train loss: 115.1472]
Thu 18 Dec 2025 14:54:33 INFO  epoch 119 evaluating [time: 22.61s, valid_score: 0.159600]
Thu 18 Dec 2025 14:54:33 INFO  valid result: 
recall@10 : 0.1596    ndcg@10 : 0.2602    mrr@10 : 0.4997
Thu 18 Dec 2025 14:55:49 INFO  epoch 120 training [time: 76.29s, train loss: 115.0099]
Thu 18 Dec 2025 14:56:12 INFO  epoch 120 evaluating [time: 22.46s, valid_score: 0.159500]
Thu 18 Dec 2025 14:56:12 INFO  valid result: 
recall@10 : 0.1595    ndcg@10 : 0.2598    mrr@10 : 0.4989
Thu 18 Dec 2025 14:57:28 INFO  epoch 121 training [time: 76.37s, train loss: 114.3448]
Thu 18 Dec 2025 14:57:51 INFO  epoch 121 evaluating [time: 22.71s, valid_score: 0.159600]
Thu 18 Dec 2025 14:57:51 INFO  valid result: 
recall@10 : 0.1596    ndcg@10 : 0.2599    mrr@10 : 0.4982
Thu 18 Dec 2025 14:59:07 INFO  epoch 122 training [time: 76.37s, train loss: 114.3081]
Thu 18 Dec 2025 14:59:30 INFO  epoch 122 evaluating [time: 22.59s, valid_score: 0.159100]
Thu 18 Dec 2025 14:59:30 INFO  valid result: 
recall@10 : 0.1591    ndcg@10 : 0.2589    mrr@10 : 0.498
Thu 18 Dec 2025 14:59:30 INFO  Finished training, best eval result in epoch 111
Thu 18 Dec 2025 14:59:31 INFO  The running environment of this training is as follows:
+-------------+----------------+
| Environment |     Usage      |
+=============+================+
| CPU         |     0.40 %     |
+-------------+----------------+
| GPU         | 0.59 G/31.74 G |
+-------------+----------------+
| Memory      | 2.51 G/88.39 G |
+-------------+----------------+
Thu 18 Dec 2025 14:59:31 INFO  best valid : OrderedDict([('recall@10', 0.1599), ('ndcg@10', 0.2612), ('mrr@10', 0.5015)])
Thu 18 Dec 2025 14:59:31 INFO  test result: None
