Thu 18 Dec 2025 15:14:41 INFO  ['run_recbole.py', '--model', 'SLIMElastic', '--dataset', 'mylens', '--config', 'config.yaml']
Thu 18 Dec 2025 15:14:41 INFO  
General Hyper Parameters:
gpu_id = 0
use_gpu = True
seed = 2025
state = INFO
reproducibility = True
data_path = dataset/mylens
checkpoint_dir = saved/
show_progress = True
save_dataset = False
dataset_save_path = None
save_dataloaders = False
dataloaders_save_path = None
log_wandb = False

Training Hyper Parameters:
epochs = 200
train_batch_size = 2048
learner = adam
learning_rate = 0.001
train_neg_sample_args = {'distribution': 'uniform', 'sample_num': 1, 'alpha': 1.0, 'dynamic': False, 'candidate_num': 0}
eval_step = 1
stopping_step = 10
clip_grad_norm = None
weight_decay = 0.0
loss_decimal_place = 4

Evaluation Hyper Parameters:
eval_args = {'split': {'RS': [0.9, 0.1, 0.0]}, 'order': 'RO', 'group_by': 'user', 'mode': {'valid': 'full', 'test': 'full'}}
repeatable = False
metrics = ['Recall', 'NDCG', 'MRR']
topk = [10]
valid_metric = Recall@10
valid_metric_bigger = True
eval_batch_size = 4096
metric_decimal_place = 4

Dataset Hyper Parameters:
field_separator = 	
seq_separator =  
USER_ID_FIELD = user_id
ITEM_ID_FIELD = item_id
RATING_FIELD = rating
TIME_FIELD = timestamp
seq_len = None
LABEL_FIELD = label
threshold = None
NEG_PREFIX = neg_
load_col = {'inter': ['user_id', 'item_id']}
unload_col = None
unused_col = None
additional_feat_suffix = None
rm_dup_inter = None
val_interval = None
filter_inter_by_user_or_item = True
user_inter_num_interval = [0,inf)
item_inter_num_interval = [0,inf)
alias_of_user_id = None
alias_of_item_id = None
alias_of_entity_id = None
alias_of_relation_id = None
preload_weight = None
normalize_field = None
normalize_all = None
ITEM_LIST_LENGTH_FIELD = item_length
LIST_SUFFIX = _list
MAX_ITEM_LIST_LENGTH = 50
POSITION_FIELD = position_id
HEAD_ENTITY_ID_FIELD = head_id
TAIL_ENTITY_ID_FIELD = tail_id
RELATION_ID_FIELD = relation_id
ENTITY_ID_FIELD = entity_id
benchmark_filename = None

Other Hyper Parameters: 
worker = 0
wandb_project = recbole
shuffle = True
require_pow = False
enable_amp = False
enable_scaler = False
transform = None
alpha = 0.2
l1_ratio = 0.02
positive_only = True
hide_item = True
numerical_features = []
discretization = None
kg_reverse_r = False
entity_kg_num_interval = [0,inf)
relation_kg_num_interval = [0,inf)
MODEL_TYPE = ModelType.TRADITIONAL
neg_sampling = {'uniform': 1}
MODEL_INPUT_TYPE = InputType.POINTWISE
eval_type = EvaluatorType.RANKING
single_spec = True
local_rank = 0
device = cuda
valid_neg_sample_args = {'distribution': 'uniform', 'sample_num': 'none'}
test_neg_sample_args = {'distribution': 'uniform', 'sample_num': 'none'}


Thu 18 Dec 2025 15:14:54 INFO  mylens
The number of users: 19892
Average actions of users: 164.42024030968778
The number of items: 6808
Average actions of items: 480.4587924195681
The number of inters: 3270483
The sparsity of the dataset: 97.58501799848442%
Remain Fields: ['user_id', 'item_id']
Thu 18 Dec 2025 15:15:02 INFO  [Training]: train_batch_size = [2048] train_neg_sample_args: [{'distribution': 'uniform', 'sample_num': 1, 'alpha': 1.0, 'dynamic': False, 'candidate_num': 0}]
Thu 18 Dec 2025 15:15:02 INFO  [Evaluation]: eval_batch_size = [4096] eval_args: [{'split': {'RS': [0.9, 0.1, 0.0]}, 'order': 'RO', 'group_by': 'user', 'mode': {'valid': 'full', 'test': 'full'}}]
Thu 18 Dec 2025 16:12:21 INFO  SLIMElastic()
Trainable parameters: 1
Thu 18 Dec 2025 16:12:25 INFO  FLOPs: 0.0
Thu 18 Dec 2025 16:12:34 INFO  epoch 0 training [time: 7.97s, train loss: 0.0000]
Thu 18 Dec 2025 16:13:35 INFO  epoch 0 evaluating [time: 60.91s, valid_score: 0.175600]
Thu 18 Dec 2025 16:13:35 INFO  valid result: 
recall@10 : 0.1756    ndcg@10 : 0.2893    mrr@10 : 0.557
Thu 18 Dec 2025 16:13:39 INFO  Saving current: saved/SLIMElastic-Dec-18-2025_16-12-25.pth
Thu 18 Dec 2025 16:13:40 INFO  The running environment of this training is as follows:
+-------------+----------------+
| Environment |     Usage      |
+=============+================+
| CPU         |     1.00 %     |
+-------------+----------------+
| GPU         | 0.00 G/31.74 G |
+-------------+----------------+
| Memory      | 1.96 G/88.39 G |
+-------------+----------------+
Thu 18 Dec 2025 16:13:40 INFO  best valid : OrderedDict([('recall@10', 0.1756), ('ndcg@10', 0.2893), ('mrr@10', 0.557)])
Thu 18 Dec 2025 16:13:40 INFO  test result: None
