Thu 18 Dec 2025 15:01:15 INFO  ['run_recbole.py', '--model', 'NeuMF', '--dataset', 'mylens', '--config', 'config.yaml']
Thu 18 Dec 2025 15:01:15 INFO  
General Hyper Parameters:
gpu_id = 0
use_gpu = True
seed = 2025
state = INFO
reproducibility = True
data_path = dataset/mylens
checkpoint_dir = saved/
show_progress = True
save_dataset = False
dataset_save_path = None
save_dataloaders = False
dataloaders_save_path = None
log_wandb = False

Training Hyper Parameters:
epochs = 200
train_batch_size = 2048
learner = adam
learning_rate = 0.001
train_neg_sample_args = {'distribution': 'uniform', 'sample_num': 1, 'alpha': 1.0, 'dynamic': False, 'candidate_num': 0}
eval_step = 1
stopping_step = 10
clip_grad_norm = None
weight_decay = 0.0
loss_decimal_place = 4

Evaluation Hyper Parameters:
eval_args = {'split': {'RS': [0.9, 0.1, 0.0]}, 'order': 'RO', 'group_by': 'user', 'mode': {'valid': 'full', 'test': 'full'}}
repeatable = False
metrics = ['Recall', 'NDCG', 'MRR']
topk = [10]
valid_metric = Recall@10
valid_metric_bigger = True
eval_batch_size = 4096
metric_decimal_place = 4

Dataset Hyper Parameters:
field_separator = 	
seq_separator =  
USER_ID_FIELD = user_id
ITEM_ID_FIELD = item_id
RATING_FIELD = rating
TIME_FIELD = timestamp
seq_len = None
LABEL_FIELD = label
threshold = None
NEG_PREFIX = neg_
load_col = {'inter': ['user_id', 'item_id']}
unload_col = None
unused_col = None
additional_feat_suffix = None
rm_dup_inter = None
val_interval = None
filter_inter_by_user_or_item = True
user_inter_num_interval = [0,inf)
item_inter_num_interval = [0,inf)
alias_of_user_id = None
alias_of_item_id = None
alias_of_entity_id = None
alias_of_relation_id = None
preload_weight = None
normalize_field = None
normalize_all = None
ITEM_LIST_LENGTH_FIELD = item_length
LIST_SUFFIX = _list
MAX_ITEM_LIST_LENGTH = 50
POSITION_FIELD = position_id
HEAD_ENTITY_ID_FIELD = head_id
TAIL_ENTITY_ID_FIELD = tail_id
RELATION_ID_FIELD = relation_id
ENTITY_ID_FIELD = entity_id
benchmark_filename = None

Other Hyper Parameters: 
worker = 0
wandb_project = recbole
shuffle = True
require_pow = False
enable_amp = False
enable_scaler = False
transform = None
mf_embedding_size = 64
mlp_embedding_size = 64
mlp_hidden_size = [128, 64]
dropout_prob = 0.1
mf_train = True
mlp_train = True
use_pretrain = False
mf_pretrain_path = None
mlp_pretrain_path = None
numerical_features = []
discretization = None
kg_reverse_r = False
entity_kg_num_interval = [0,inf)
relation_kg_num_interval = [0,inf)
MODEL_TYPE = ModelType.GENERAL
neg_sampling = {'uniform': 1}
MODEL_INPUT_TYPE = InputType.POINTWISE
eval_type = EvaluatorType.RANKING
single_spec = True
local_rank = 0
device = cuda
valid_neg_sample_args = {'distribution': 'uniform', 'sample_num': 'none'}
test_neg_sample_args = {'distribution': 'uniform', 'sample_num': 'none'}


Thu 18 Dec 2025 15:01:28 INFO  mylens
The number of users: 19892
Average actions of users: 164.42024030968778
The number of items: 6808
Average actions of items: 480.4587924195681
The number of inters: 3270483
The sparsity of the dataset: 97.58501799848442%
Remain Fields: ['user_id', 'item_id']
Thu 18 Dec 2025 15:01:36 INFO  [Training]: train_batch_size = [2048] train_neg_sample_args: [{'distribution': 'uniform', 'sample_num': 1, 'alpha': 1.0, 'dynamic': False, 'candidate_num': 0}]
Thu 18 Dec 2025 15:01:36 INFO  [Evaluation]: eval_batch_size = [4096] eval_args: [{'split': {'RS': [0.9, 0.1, 0.0]}, 'order': 'RO', 'group_by': 'user', 'mode': {'valid': 'full', 'test': 'full'}}]
Thu 18 Dec 2025 15:01:36 INFO  NeuMF(
  (user_mf_embedding): Embedding(19892, 64)
  (item_mf_embedding): Embedding(6808, 64)
  (user_mlp_embedding): Embedding(19892, 64)
  (item_mlp_embedding): Embedding(6808, 64)
  (mlp_layers): MLPLayers(
    (mlp_layers): Sequential(
      (0): Dropout(p=0.1, inplace=False)
      (1): Linear(in_features=128, out_features=128, bias=True)
      (2): ReLU()
      (3): Dropout(p=0.1, inplace=False)
      (4): Linear(in_features=128, out_features=64, bias=True)
      (5): ReLU()
    )
  )
  (predict_layer): Linear(in_features=128, out_features=1, bias=True)
  (sigmoid): Sigmoid()
  (loss): BCEWithLogitsLoss()
)
Trainable parameters: 3442497
Thu 18 Dec 2025 15:01:36 INFO  FLOPs: 24960.0
Thu 18 Dec 2025 15:01:51 INFO  epoch 0 training [time: 14.04s, train loss: 1141.8982]
Thu 18 Dec 2025 15:02:33 INFO  epoch 0 evaluating [time: 41.99s, valid_score: 0.107600]
Thu 18 Dec 2025 15:02:33 INFO  valid result: 
recall@10 : 0.1076    ndcg@10 : 0.1777    mrr@10 : 0.3614
Thu 18 Dec 2025 15:02:34 INFO  Saving current: saved/NeuMF-Dec-18-2025_15-01-36.pth
Thu 18 Dec 2025 15:02:47 INFO  epoch 1 training [time: 13.36s, train loss: 921.5712]
Thu 18 Dec 2025 15:03:29 INFO  epoch 1 evaluating [time: 41.67s, valid_score: 0.122000]
Thu 18 Dec 2025 15:03:29 INFO  valid result: 
recall@10 : 0.122    ndcg@10 : 0.2016    mrr@10 : 0.4043
Thu 18 Dec 2025 15:03:29 INFO  Saving current: saved/NeuMF-Dec-18-2025_15-01-36.pth
Thu 18 Dec 2025 15:03:42 INFO  epoch 2 training [time: 13.45s, train loss: 844.5018]
Thu 18 Dec 2025 15:04:24 INFO  epoch 2 evaluating [time: 41.83s, valid_score: 0.127100]
Thu 18 Dec 2025 15:04:24 INFO  valid result: 
recall@10 : 0.1271    ndcg@10 : 0.2102    mrr@10 : 0.4213
Thu 18 Dec 2025 15:04:24 INFO  Saving current: saved/NeuMF-Dec-18-2025_15-01-36.pth
Thu 18 Dec 2025 15:04:38 INFO  epoch 3 training [time: 13.54s, train loss: 790.2382]
Thu 18 Dec 2025 15:05:20 INFO  epoch 3 evaluating [time: 41.80s, valid_score: 0.124200]
Thu 18 Dec 2025 15:05:20 INFO  valid result: 
recall@10 : 0.1242    ndcg@10 : 0.2035    mrr@10 : 0.4096
Thu 18 Dec 2025 15:05:33 INFO  epoch 4 training [time: 13.42s, train loss: 745.1340]
Thu 18 Dec 2025 15:06:15 INFO  epoch 4 evaluating [time: 41.69s, valid_score: 0.124200]
Thu 18 Dec 2025 15:06:15 INFO  valid result: 
recall@10 : 0.1242    ndcg@10 : 0.2005    mrr@10 : 0.4037
Thu 18 Dec 2025 15:06:29 INFO  epoch 5 training [time: 13.62s, train loss: 709.9971]
Thu 18 Dec 2025 15:07:11 INFO  epoch 5 evaluating [time: 42.29s, valid_score: 0.121500]
Thu 18 Dec 2025 15:07:11 INFO  valid result: 
recall@10 : 0.1215    ndcg@10 : 0.1952    mrr@10 : 0.3922
Thu 18 Dec 2025 15:07:24 INFO  epoch 6 training [time: 13.43s, train loss: 682.0770]
Thu 18 Dec 2025 15:08:06 INFO  epoch 6 evaluating [time: 42.01s, valid_score: 0.112200]
Thu 18 Dec 2025 15:08:06 INFO  valid result: 
recall@10 : 0.1122    ndcg@10 : 0.1758    mrr@10 : 0.3573
Thu 18 Dec 2025 15:08:20 INFO  epoch 7 training [time: 13.40s, train loss: 662.0942]
Thu 18 Dec 2025 15:09:02 INFO  epoch 7 evaluating [time: 42.16s, valid_score: 0.117100]
Thu 18 Dec 2025 15:09:02 INFO  valid result: 
recall@10 : 0.1171    ndcg@10 : 0.1825    mrr@10 : 0.3672
Thu 18 Dec 2025 15:09:16 INFO  epoch 8 training [time: 13.71s, train loss: 644.8509]
Thu 18 Dec 2025 15:09:57 INFO  epoch 8 evaluating [time: 41.78s, valid_score: 0.119300]
Thu 18 Dec 2025 15:09:57 INFO  valid result: 
recall@10 : 0.1193    ndcg@10 : 0.1853    mrr@10 : 0.372
Thu 18 Dec 2025 15:10:11 INFO  epoch 9 training [time: 13.63s, train loss: 632.0121]
Thu 18 Dec 2025 15:10:53 INFO  epoch 9 evaluating [time: 41.92s, valid_score: 0.117900]
Thu 18 Dec 2025 15:10:53 INFO  valid result: 
recall@10 : 0.1179    ndcg@10 : 0.1832    mrr@10 : 0.3674
Thu 18 Dec 2025 15:11:06 INFO  epoch 10 training [time: 13.51s, train loss: 620.8432]
Thu 18 Dec 2025 15:11:49 INFO  epoch 10 evaluating [time: 42.18s, valid_score: 0.114000]
Thu 18 Dec 2025 15:11:49 INFO  valid result: 
recall@10 : 0.114    ndcg@10 : 0.1753    mrr@10 : 0.3523
Thu 18 Dec 2025 15:12:02 INFO  epoch 11 training [time: 13.42s, train loss: 611.3054]
Thu 18 Dec 2025 15:12:44 INFO  epoch 11 evaluating [time: 42.05s, valid_score: 0.115100]
Thu 18 Dec 2025 15:12:44 INFO  valid result: 
recall@10 : 0.1151    ndcg@10 : 0.1766    mrr@10 : 0.3529
Thu 18 Dec 2025 15:12:58 INFO  epoch 12 training [time: 13.59s, train loss: 601.7991]
Thu 18 Dec 2025 15:13:40 INFO  epoch 12 evaluating [time: 41.92s, valid_score: 0.114700]
Thu 18 Dec 2025 15:13:40 INFO  valid result: 
recall@10 : 0.1147    ndcg@10 : 0.1762    mrr@10 : 0.3522
Thu 18 Dec 2025 15:13:53 INFO  epoch 13 training [time: 13.37s, train loss: 594.8346]
Thu 18 Dec 2025 15:14:35 INFO  epoch 13 evaluating [time: 41.98s, valid_score: 0.108300]
Thu 18 Dec 2025 15:14:35 INFO  valid result: 
recall@10 : 0.1083    ndcg@10 : 0.1637    mrr@10 : 0.3285
Thu 18 Dec 2025 15:14:35 INFO  Finished training, best eval result in epoch 2
Thu 18 Dec 2025 15:14:36 INFO  The running environment of this training is as follows:
+-------------+----------------+
| Environment |     Usage      |
+=============+================+
| CPU         |     9.00 %     |
+-------------+----------------+
| GPU         | 0.11 G/31.74 G |
+-------------+----------------+
| Memory      | 2.16 G/88.39 G |
+-------------+----------------+
Thu 18 Dec 2025 15:14:36 INFO  best valid : OrderedDict([('recall@10', 0.1271), ('ndcg@10', 0.2102), ('mrr@10', 0.4213)])
Thu 18 Dec 2025 15:14:36 INFO  test result: None
